<?xml version="1.0" encoding="UTF-8"?>
<!-- Generated by org.testng.reporters.JUnitReportReporter -->
<testsuite hostname="Machebro" failures="0" tests="1" name="Selenium_Java.FrameworkDesign.StandAloneTest" time="14.497" errors="0" timestamp="2023-03-03T15:10:40 IST" skipped="0">
  <testcase classname="Selenium_Java.FrameworkDesign.StandAloneTest" name="standAloneTest" time="14.497"/>
  <system-out/>
</testsuite> <!-- Selenium_Java.FrameworkDesign.StandAloneTest -->
