<?xml version="1.0" encoding="UTF-8"?>
<!-- Generated by org.testng.reporters.JUnitReportReporter -->
<testsuite hostname="Machebro" failures="0" tests="1" name="autoIT.FileUpload" time="21.654" errors="0" timestamp="2023-03-21T11:33:00 IST" skipped="0">
  <testcase classname="autoIT.FileUpload" name="fileAutoIT" time="21.654"/>
  <system-out/>
</testsuite> <!-- autoIT.FileUpload -->
