<?xml version="1.0" encoding="UTF-8"?>
<!-- Generated by org.testng.reporters.JUnitReportReporter -->
<testsuite hostname="Machebro" failures="0" tests="4" name="Selenium_Java.FrameworkDesign.SubmitOrderTest" time="30.282" errors="0" timestamp="2023-03-13T11:56:49 IST" skipped="0">
  <testcase classname="Selenium_Java.FrameworkDesign.SubmitOrderTest" name="verifyOrderHistory" time="2.432"/>
  <system-out/>
  <testcase classname="Selenium_Java.FrameworkDesign.SubmitOrderTest" name="submitOrder" time="13.115"/>
  <system-out/>
  <testcase classname="Selenium_Java.FrameworkDesign.SubmitOrderTest" name="verifyOrderHistory" time="2.445"/>
  <system-out/>
  <testcase classname="Selenium_Java.FrameworkDesign.SubmitOrderTest" name="submitOrder" time="12.290"/>
  <system-out/>
</testsuite> <!-- Selenium_Java.FrameworkDesign.SubmitOrderTest -->
