<?xml version="1.0" encoding="UTF-8"?>
<!-- Generated by org.testng.reporters.JUnitReportReporter -->
<testsuite hostname="Machebro" failures="0" tests="1" name="seleniumGrid.Demo2Test" time="8.571" errors="0" timestamp="2023-03-15T15:33:01 IST" skipped="0">
  <testcase classname="seleniumGrid.Demo2Test" name="demo2" time="8.571"/>
  <system-out/>
</testsuite> <!-- seleniumGrid.Demo2Test -->
