<?xml version="1.0" encoding="UTF-8"?>
<!-- Generated by org.testng.reporters.JUnitReportReporter -->
<testsuite hostname="Machebro" failures="0" tests="1" name="dataBaseConnection.JDBCConnection" time="0.540" errors="0" timestamp="2023-03-20T13:39:45 IST" skipped="0">
  <testcase classname="dataBaseConnection.JDBCConnection" name="createConn" time="0.540"/>
  <system-out/>
</testsuite> <!-- dataBaseConnection.JDBCConnection -->
