<?xml version="1.0" encoding="UTF-8"?>
<!-- Generated by org.testng.reporters.JUnitReportReporter -->
<testsuite hostname="Machebro" failures="0" tests="1" name="seleniumGrid.Demo1Test" time="5.253" errors="0" timestamp="2023-03-15T15:34:31 IST" skipped="0">
  <testcase classname="seleniumGrid.Demo1Test" name="demo1" time="5.253"/>
  <system-out/>
</testsuite> <!-- seleniumGrid.Demo1Test -->
