<?xml version="1.0" encoding="UTF-8"?>
<!-- Generated by org.testng.reporters.JUnitReportReporter -->
<testsuite hostname="Machebro" failures="0" tests="2" name="cucumber.TestNgTestRunner" time="16.803" errors="0" timestamp="2023-03-13T12:18:54 IST" skipped="0">
  <testcase classname="cucumber.TestNgTestRunner" name="runScenario" time="13.040"/>
  <system-out/>
  <testcase classname="cucumber.TestNgTestRunner" name="runScenario" time="3.763"/>
  <system-out/>
</testsuite> <!-- cucumber.TestNgTestRunner -->
