<?xml version="1.0" encoding="UTF-8"?>
<!-- Generated by org.testng.reporters.JUnitReportReporter -->
<testsuite hostname="Machebro" failures="0" tests="4" name="Selenium_Java.FrameworkDesign.SubmitOrderTest" time="35.963" errors="0" timestamp="2023-03-10T19:10:41 IST" skipped="0">
  <testcase classname="Selenium_Java.FrameworkDesign.SubmitOrderTest" name="submitOrder" time="12.207"/>
  <system-out/>
  <testcase classname="Selenium_Java.FrameworkDesign.SubmitOrderTest" name="verifyOrderHistory" time="4.478"/>
  <system-out/>
  <testcase classname="Selenium_Java.FrameworkDesign.SubmitOrderTest" name="submitOrder" time="16.169"/>
  <system-out/>
  <testcase classname="Selenium_Java.FrameworkDesign.SubmitOrderTest" name="verifyOrderHistory" time="3.109"/>
  <system-out/>
</testsuite> <!-- Selenium_Java.FrameworkDesign.SubmitOrderTest -->
