<?xml version="1.0" encoding="UTF-8"?>
<!-- Generated by org.testng.reporters.JUnitReportReporter -->
<testsuite hostname="Machebro" failures="0" tests="1" name="cucumber.TestNgTestRunner" time="13.318" errors="0" timestamp="2023-03-13T13:33:29 IST" skipped="0">
  <testcase classname="cucumber.TestNgTestRunner" name="runScenario" time="13.318"/>
  <system-out/>
</testsuite> <!-- cucumber.TestNgTestRunner -->
